<?xml version="1.0" encoding="UTF-8"?><testrun name="ProdutoDAOTeste" project="Farmacia" tests="2" started="2" failures="0" errors="1" ignored="1">
  <testsuite name="br.com.farmacia.teste.ProdutoDAOTeste" time="0.501">
    <testcase name="listar" classname="br.com.farmacia.teste.ProdutoDAOTeste" time="0.499">
      <error>com.mysql.jdbc.exceptions.jdbc4.MySQLSyntaxErrorException: Unknown column 'f.id' in 'field list'&#13;
	at java.base/jdk.internal.reflect.NativeConstructorAccessorImpl.newInstance0(Native Method)&#13;
	at java.base/jdk.internal.reflect.NativeConstructorAccessorImpl.newInstance(NativeConstructorAccessorImpl.java:77)&#13;
	at java.base/jdk.internal.reflect.DelegatingConstructorAccessorImpl.newInstance(DelegatingConstructorAccessorImpl.java:45)&#13;
	at java.base/java.lang.reflect.Constructor.newInstanceWithCaller(Constructor.java:499)&#13;
	at java.base/java.lang.reflect.Constructor.newInstance(Constructor.java:480)&#13;
	at com.mysql.jdbc.Util.handleNewInstance(Util.java:404)&#13;
	at com.mysql.jdbc.Util.getInstance(Util.java:387)&#13;
	at com.mysql.jdbc.SQLError.createSQLException(SQLError.java:942)&#13;
	at com.mysql.jdbc.MysqlIO.checkErrorPacket(MysqlIO.java:3966)&#13;
	at com.mysql.jdbc.MysqlIO.checkErrorPacket(MysqlIO.java:3902)&#13;
	at com.mysql.jdbc.MysqlIO.sendCommand(MysqlIO.java:2526)&#13;
	at com.mysql.jdbc.MysqlIO.sqlQueryDirect(MysqlIO.java:2673)&#13;
	at com.mysql.jdbc.ConnectionImpl.execSQL(ConnectionImpl.java:2549)&#13;
	at com.mysql.jdbc.PreparedStatement.executeInternal(PreparedStatement.java:1861)&#13;
	at com.mysql.jdbc.PreparedStatement.executeQuery(PreparedStatement.java:1962)&#13;
	at br.com.farmacia.DAO.ProdutoDAO.listar(ProdutoDAO.java:93)&#13;
	at br.com.farmacia.teste.ProdutoDAOTeste.listar(ProdutoDAOTeste.java:46)&#13;
	at java.base/jdk.internal.reflect.NativeMethodAccessorImpl.invoke0(Native Method)&#13;
	at java.base/jdk.internal.reflect.NativeMethodAccessorImpl.invoke(NativeMethodAccessorImpl.java:77)&#13;
	at java.base/jdk.internal.reflect.DelegatingMethodAccessorImpl.invoke(DelegatingMethodAccessorImpl.java:43)&#13;
	at java.base/java.lang.reflect.Method.invoke(Method.java:568)&#13;
	at org.junit.runners.model.FrameworkMethod$1.runReflectiveCall(FrameworkMethod.java:59)&#13;
	at org.junit.internal.runners.model.ReflectiveCallable.run(ReflectiveCallable.java:12)&#13;
	at org.junit.runners.model.FrameworkMethod.invokeExplosively(FrameworkMethod.java:56)&#13;
	at org.junit.internal.runners.statements.InvokeMethod.evaluate(InvokeMethod.java:17)&#13;
	at org.junit.runners.ParentRunner$3.evaluate(ParentRunner.java:306)&#13;
	at org.junit.runners.BlockJUnit4ClassRunner$1.evaluate(BlockJUnit4ClassRunner.java:100)&#13;
	at org.junit.runners.ParentRunner.runLeaf(ParentRunner.java:366)&#13;
	at org.junit.runners.BlockJUnit4ClassRunner.runChild(BlockJUnit4ClassRunner.java:103)&#13;
	at org.junit.runners.BlockJUnit4ClassRunner.runChild(BlockJUnit4ClassRunner.java:63)&#13;
	at org.junit.runners.ParentRunner$4.run(ParentRunner.java:331)&#13;
	at org.junit.runners.ParentRunner$1.schedule(ParentRunner.java:79)&#13;
	at org.junit.runners.ParentRunner.runChildren(ParentRunner.java:329)&#13;
	at org.junit.runners.ParentRunner.access$100(ParentRunner.java:66)&#13;
	at org.junit.runners.ParentRunner$2.evaluate(ParentRunner.java:293)&#13;
	at org.junit.runners.ParentRunner$3.evaluate(ParentRunner.java:306)&#13;
	at org.junit.runners.ParentRunner.run(ParentRunner.java:413)&#13;
	at org.eclipse.jdt.internal.junit4.runner.JUnit4TestReference.run(JUnit4TestReference.java:93)&#13;
	at org.eclipse.jdt.internal.junit.runner.TestExecution.run(TestExecution.java:40)&#13;
	at org.eclipse.jdt.internal.junit.runner.RemoteTestRunner.runTests(RemoteTestRunner.java:529)&#13;
	at org.eclipse.jdt.internal.junit.runner.RemoteTestRunner.runTests(RemoteTestRunner.java:756)&#13;
	at org.eclipse.jdt.internal.junit.runner.RemoteTestRunner.run(RemoteTestRunner.java:452)&#13;
	at org.eclipse.jdt.internal.junit.runner.RemoteTestRunner.main(RemoteTestRunner.java:210)&#13;
&#13;
</error>
    </testcase>
    <testcase name="salvar" classname="br.com.farmacia.teste.ProdutoDAOTeste" time="0.0" ignored="true"/>
  </testsuite>
</testrun>
